<?xml version="1.0" encoding="UTF-8"?>
<!-- Generated by org.testng.reporters.JUnitReportReporter -->
<testsuite name="driver.Driver" tests="1" time="87.769" ignored="0" failures="0" timestamp="29 Jul 2018 20:56:26 GMT" skipped="0" hostname="LAPTOP-VR0NMU0E" errors="0">
  <testcase name="Jenk1" time="87.769" classname="driver.Driver"/>
</testsuite> <!-- driver.Driver -->
